<?xml version="1.0" encoding="UTF-8"?>
<!-- Generated by org.testng.reporters.JUnitReportReporter -->
<testsuite hostname="Prashant" failures="0" tests="1" name="com.xyzbank.qa.testcases.LoginTest" time="7.656" errors="0" timestamp="2024-03-08T15:32:01 IST" skipped="0">
  <testcase classname="com.xyzbank.qa.testcases.LoginTest" name="verifyLogin" time="7.656"/>
</testsuite> <!-- com.xyzbank.qa.testcases.LoginTest -->
