<?xml version="1.0" encoding="UTF-8"?>
<!-- Generated by org.testng.reporters.JUnitReportReporter -->
<testsuite hostname="Prashant" failures="0" tests="1" name="com.xyzbank.qa.testcases.HomepageTest" time="5.664" errors="0" timestamp="2024-03-08T13:00:12 IST" skipped="0">
  <testcase classname="com.xyzbank.qa.testcases.HomepageTest" name="homePageTest" time="5.664"/>
</testsuite> <!-- com.xyzbank.qa.testcases.HomepageTest -->
